{"message":"Connected to MongoDB...","level":"info"}
{"metadata":{"stringValue":"\"6133c94df0072fe1bafc1b0\"","valueType":"string","kind":"ObjectId","value":"6133c94df0072fe1bafc1b0","path":"_id","reason":{},"name":"CastError","message":"Cast to ObjectId failed for value \"6133c94df0072fe1bafc1b0\" (type string) at path \"_id\" for model \"Products\""},"level":"error","message":"Cast to ObjectId failed for value \"6133c94df0072fe1bafc1b0\" (type string) at path \"_id\" for model \"Products\""}
{"message":"Connected to MongoDB...","level":"info"}
{"metadata":{},"level":"error","message":"Cannot read property 'isValid' of undefined"}
{"message":"Connected to MongoDB...","level":"info"}
{"metadata":{"stringValue":"\"6133c94df0072fe1bafc1b0\"","valueType":"string","kind":"ObjectId","value":"6133c94df0072fe1bafc1b0","path":"_id","reason":{},"name":"CastError","message":"Cast to ObjectId failed for value \"6133c94df0072fe1bafc1b0\" (type string) at path \"_id\" for model \"Products\""},"level":"error","message":"Cast to ObjectId failed for value \"6133c94df0072fe1bafc1b0\" (type string) at path \"_id\" for model \"Products\""}
{"message":"Connected to MongoDB...","level":"info"}
{"message":"Connected to MongoDB...","level":"info"}
{"metadata":{},"level":"error","message":"ObjectID is not defined"}
{"message":"Connected to MongoDB...","level":"info"}
{"metadata":{},"level":"error","message":"ObjectID is not defined"}
{"message":"Connected to MongoDB...","level":"info"}
{"metadata":{},"level":"error","message":"ObjectID is not defined"}
{"message":"Connected to MongoDB...","level":"info"}
{"message":"Connected to MongoDB...","level":"info"}
{"metadata":{},"level":"error","message":"ObjectId is not defined"}
{"message":"Connected to MongoDB...","level":"info"}
{"message":"failed to Connect to MongoDB...","error":{},"level":"error"}
{"message":"Connected to MongoDB...","level":"info"}
{"message":"failed to Connect to MongoDB...","error":{},"level":"error"}
{"message":"Connected to MongoDB...","level":"info"}
{"message":"failed to Connect to MongoDB...","error":{},"level":"error"}
{"message":"Connected to MongoDB...","level":"info"}
{"message":"failed to Connect to MongoDB...","error":{},"level":"error"}
{"message":"Connected to MongoDB...","level":"info"}
{"message":"failed to Connect to MongoDB...","error":{},"level":"error"}
{"message":"Connected to MongoDB...","level":"info"}
{"message":"Connected to MongoDB...","level":"info"}
{"message":"Connected to MongoDB...","level":"info"}
{"message":"Connected to MongoDB...","level":"info"}
{"message":"Connected to MongoDB...","level":"info"}
{"message":"Connected to MongoDB...","level":"info"}
{"message":"Connected to MongoDB...","level":"info"}
{"message":"Connected to MongoDB...","level":"info"}
{"message":"Connected to MongoDB...","level":"info"}
{"message":"Connected to MongoDB...","level":"info"}
{"message":"Connected to MongoDB...","level":"info"}
{"message":"Connected to MongoDB...","level":"info"}
{"message":"Connected to MongoDB...","level":"info"}
{"message":"Connected to MongoDB...","level":"info"}
{"message":"Connected to MongoDB...","level":"info"}
{"message":"Connected to MongoDB...","level":"info"}
{"message":"Connected to MongoDB...","level":"info"}
{"message":"Connected to MongoDB...","level":"info"}
{"message":"Connected to MongoDB...","level":"info"}
{"message":"Connected to MongoDB...","level":"info"}
{"message":"Connected to MongoDB...","level":"info"}
{"message":"Connected to MongoDB...","level":"info"}
{"message":"Connected to MongoDB...","level":"info"}
{"message":"Connected to MongoDB...","level":"info"}
{"message":"Connected to MongoDB...","level":"info"}
{"message":"Connected to MongoDB...","level":"info"}
{"message":"Connected to MongoDB...","level":"info"}
{"message":"Connected to MongoDB...","level":"info"}
{"message":"Connected to MongoDB...","level":"info"}
{"message":"Connected to MongoDB...","level":"info"}
{"message":"Connected to MongoDB...","level":"info"}
{"message":"Connected to MongoDB...","level":"info"}
{"message":"Connected to MongoDB...","level":"info"}
{"message":"Connected to MongoDB...","level":"info"}
{"message":"Connected to MongoDB...","level":"info"}
{"message":"Connected to MongoDB...","level":"info"}
{"message":"Connected to MongoDB...","level":"info"}
{"metadata":{},"level":"error","message":"_ is not defined"}
{"message":"Connected to MongoDB...","level":"info"}
{"message":"Connected to MongoDB...","level":"info"}
{"message":"Connected to MongoDB...","level":"info"}
{"message":"Connected to MongoDB...","level":"info"}
{"message":"Connected to MongoDB...","level":"info"}
{"message":"Connected to MongoDB...","level":"info"}
{"message":"Connected to MongoDB...","level":"info"}
